<?xml version="1.0" encoding="UTF-8"?>
<robot generator="Robot 2.8.5 (Jython 2.5.3 on java1.7.0_51)" generated="20150315 15:05:37.068">
<suite source="C:\Users\Yi\Documents\GitHub\ArgParser_Group3\acceptance\Feature1Tests.txt" id="s1" name="Feature1Tests">
<test id="s1-t1" name="Test Case 1">
<kw type="kw" name="Feature1Keywords.Start Program">
<doc></doc>
<arguments>
<arg>7 5 2</arg>
</arguments>
<status status="PASS" endtime="20150315 15:05:37.332" starttime="20150315 15:05:37.323"></status>
</kw>
<kw type="kw" name="${length} = Feature1Keywords.Get">
<doc></doc>
<arguments>
<arg>length</arg>
</arguments>
<msg timestamp="20150315 15:05:37.336" level="INFO">${length} = 2</msg>
<status status="PASS" endtime="20150315 15:05:37.335" starttime="20150315 15:05:37.333"></status>
</kw>
<kw type="kw" name="BuiltIn.Should Be Equal">
<doc>Fails if the given objects are unequal.</doc>
<arguments>
<arg>${length}</arg>
<arg>2</arg>
</arguments>
<msg timestamp="20150315 15:05:37.340" level="INFO">Argument types are:
&lt;type 'unicode'&gt;
&lt;type 'unicode'&gt;</msg>
<status status="PASS" endtime="20150315 15:05:37.341" starttime="20150315 15:05:37.337"></status>
</kw>
<kw type="kw" name="${width} = Feature1Keywords.Get">
<doc></doc>
<arguments>
<arg>width</arg>
</arguments>
<msg timestamp="20150315 15:05:37.343" level="INFO">${width} = 5</msg>
<status status="PASS" endtime="20150315 15:05:37.343" starttime="20150315 15:05:37.342"></status>
</kw>
<kw type="kw" name="BuiltIn.Should Be Equal">
<doc>Fails if the given objects are unequal.</doc>
<arguments>
<arg>${width}</arg>
<arg>5</arg>
</arguments>
<msg timestamp="20150315 15:05:37.347" level="INFO">Argument types are:
&lt;type 'unicode'&gt;
&lt;type 'unicode'&gt;</msg>
<status status="PASS" endtime="20150315 15:05:37.348" starttime="20150315 15:05:37.345"></status>
</kw>
<kw type="kw" name="${height} = Feature1Keywords.Get">
<doc></doc>
<arguments>
<arg>height</arg>
</arguments>
<msg timestamp="20150315 15:05:37.351" level="INFO">${height} = 7</msg>
<status status="PASS" endtime="20150315 15:05:37.350" starttime="20150315 15:05:37.349"></status>
</kw>
<kw type="kw" name="BuiltIn.Should Be Equal">
<doc>Fails if the given objects are unequal.</doc>
<arguments>
<arg>${height}</arg>
<arg>7</arg>
</arguments>
<msg timestamp="20150315 15:05:37.354" level="INFO">Argument types are:
&lt;type 'unicode'&gt;
&lt;type 'unicode'&gt;</msg>
<status status="PASS" endtime="20150315 15:05:37.355" starttime="20150315 15:05:37.352"></status>
</kw>
<doc></doc>
<tags>
</tags>
<status status="PASS" critical="yes" endtime="20150315 15:05:37.356" starttime="20150315 15:05:37.320"></status>
</test>
<test id="s1-t2" name="Test Case 2">
<kw type="kw" name="Feature1Keywords.Start Program Mixed">
<doc></doc>
<arguments>
<arg>true dog 3.5 2</arg>
</arguments>
<status status="PASS" endtime="20150315 15:05:37.364" starttime="20150315 15:05:37.362"></status>
</kw>
<kw type="kw" name="${pet} = Feature1Keywords.Get">
<doc></doc>
<arguments>
<arg>pet</arg>
</arguments>
<msg timestamp="20150315 15:05:37.367" level="INFO">${pet} = dog</msg>
<status status="PASS" endtime="20150315 15:05:37.367" starttime="20150315 15:05:37.365"></status>
</kw>
<kw type="kw" name="BuiltIn.Should Be Equal">
<doc>Fails if the given objects are unequal.</doc>
<arguments>
<arg>${pet}</arg>
<arg>dog</arg>
</arguments>
<msg timestamp="20150315 15:05:37.370" level="INFO">Argument types are:
&lt;type 'unicode'&gt;
&lt;type 'unicode'&gt;</msg>
<status status="PASS" endtime="20150315 15:05:37.371" starttime="20150315 15:05:37.368"></status>
</kw>
<kw type="kw" name="${number} = Feature1Keywords.Get">
<doc></doc>
<arguments>
<arg>number</arg>
</arguments>
<msg timestamp="20150315 15:05:37.374" level="INFO">${number} = 2</msg>
<status status="PASS" endtime="20150315 15:05:37.374" starttime="20150315 15:05:37.372"></status>
</kw>
<kw type="kw" name="BuiltIn.Should Be Equal">
<doc>Fails if the given objects are unequal.</doc>
<arguments>
<arg>${number}</arg>
<arg>2</arg>
</arguments>
<msg timestamp="20150315 15:05:37.378" level="INFO">Argument types are:
&lt;type 'unicode'&gt;
&lt;type 'unicode'&gt;</msg>
<status status="PASS" endtime="20150315 15:05:37.379" starttime="20150315 15:05:37.376"></status>
</kw>
<kw type="kw" name="${rainy} = Feature1Keywords.Get">
<doc></doc>
<arguments>
<arg>rainy</arg>
</arguments>
<msg timestamp="20150315 15:05:37.382" level="INFO">${rainy} = true</msg>
<status status="PASS" endtime="20150315 15:05:37.381" starttime="20150315 15:05:37.380"></status>
</kw>
<kw type="kw" name="BuiltIn.Should Be Equal">
<doc>Fails if the given objects are unequal.</doc>
<arguments>
<arg>${rainy}</arg>
<arg>true</arg>
</arguments>
<msg timestamp="20150315 15:05:37.385" level="INFO">Argument types are:
&lt;type 'unicode'&gt;
&lt;type 'unicode'&gt;</msg>
<status status="PASS" endtime="20150315 15:05:37.385" starttime="20150315 15:05:37.383"></status>
</kw>
<kw type="kw" name="${bathrooms} = Feature1Keywords.Get">
<doc></doc>
<arguments>
<arg>bathrooms</arg>
</arguments>
<msg timestamp="20150315 15:05:37.388" level="INFO">${bathrooms} = 3.5</msg>
<status status="PASS" endtime="20150315 15:05:37.388" starttime="20150315 15:05:37.386"></status>
</kw>
<kw type="kw" name="BuiltIn.Should Be Equal">
<doc>Fails if the given objects are unequal.</doc>
<arguments>
<arg>${bathrooms}</arg>
<arg>3.5</arg>
</arguments>
<msg timestamp="20150315 15:05:37.391" level="INFO">Argument types are:
&lt;type 'unicode'&gt;
&lt;type 'unicode'&gt;</msg>
<status status="PASS" endtime="20150315 15:05:37.403" starttime="20150315 15:05:37.389"></status>
</kw>
<doc></doc>
<tags>
</tags>
<status status="PASS" critical="yes" endtime="20150315 15:05:37.408" starttime="20150315 15:05:37.358"></status>
</test>
<test id="s1-t3" name="Test Case 3">
<kw type="kw" name="Feature1Keywords.Start Program With Optionals">
<doc></doc>
<arguments>
<arg>7 --type box 5 2</arg>
</arguments>
<status status="PASS" endtime="20150315 15:05:37.415" starttime="20150315 15:05:37.412"></status>
</kw>
<kw type="kw" name="${type} = Feature1Keywords.Get">
<doc></doc>
<arguments>
<arg>type</arg>
</arguments>
<msg timestamp="20150315 15:05:37.424" level="FAIL">NullPointerException</msg>
<status status="FAIL" endtime="20150315 15:05:37.425" starttime="20150315 15:05:37.416"></status>
</kw>
<doc></doc>
<tags>
</tags>
<status status="FAIL" critical="yes" endtime="20150315 15:05:37.426" starttime="20150315 15:05:37.410">NullPointerException</status>
</test>
<test id="s1-t4" name="Test case 4">
<kw type="kw" name="Feature1Keywords.Start Program With Short">
<doc></doc>
<arguments>
<arg>7 -t box 5 2</arg>
</arguments>
<status status="PASS" endtime="20150315 15:05:37.433" starttime="20150315 15:05:37.431"></status>
</kw>
<kw type="kw" name="$(t)=">
<doc></doc>
<arguments>
<arg>Get</arg>
<arg>t</arg>
</arguments>
<msg timestamp="20150315 15:05:37.435" level="FAIL">No keyword with name '$(t)=' found.</msg>
<status status="FAIL" endtime="20150315 15:05:37.435" starttime="20150315 15:05:37.434"></status>
</kw>
<doc></doc>
<tags>
</tags>
<status status="FAIL" critical="yes" endtime="20150315 15:05:37.436" starttime="20150315 15:05:37.428">No keyword with name '$(t)=' found.</status>
</test>
<doc></doc>
<metadata>
</metadata>
<status status="FAIL" endtime="20150315 15:05:37.439" starttime="20150315 15:05:37.072"></status>
</suite>
<statistics>
<total>
<stat pass="2" fail="2">Critical Tests</stat>
<stat pass="2" fail="2">All Tests</stat>
</total>
<tag>
</tag>
<suite>
<stat pass="2" id="s1" fail="2" name="Feature1Tests">Feature1Tests</stat>
</suite>
</statistics>
<errors>
</errors>
</robot>
